<?xml version="1.0" encoding="UTF-8"?>
<!-- Generated by org.testng.reporters.JUnitReportReporter -->
<testsuite hostname="DESKTOP-OTUACR1" failures="0" tests="2" name="Basic.DataProvider_Test" time="0.008" errors="0" timestamp="2023-12-15T03:51:21 IST" skipped="0">
  <testcase classname="Basic.DataProvider_Test" name="loginTest" time="0.001"/>
  <system-out/>
  <testcase classname="Basic.DataProvider_Test" name="loginTest" time="0.007"/>
  <system-out/>
</testsuite> <!-- Basic.DataProvider_Test -->
