<?xml version="1.0" encoding="UTF-8"?>
<!-- Generated by org.testng.reporters.JUnitReportReporter -->
<testsuite hostname="DESKTOP-OTUACR1" failures="0" tests="2" name="GroupExecution.GroupExecution1" time="9.187" errors="0" timestamp="2023-07-19T18:18:26 IST" skipped="0">
  <testcase classname="GroupExecution.GroupExecution1" name="swiggy" time="5.476"/>
  <system-out/>
  <testcase classname="GroupExecution.GroupExecution1" name="zomato" time="3.711"/>
  <system-out/>
</testsuite> <!-- GroupExecution.GroupExecution1 -->
