<?xml version="1.0" encoding="UTF-8"?>
<!-- Generated by org.testng.reporters.JUnitReportReporter -->
<testsuite hostname="DESKTOP-OTUACR1" failures="0" tests="2" name="Assertion.AssertTrue" time="29.132" errors="0" timestamp="2023-07-19T21:19:24 IST" skipped="0">
  <testcase classname="Assertion.AssertTrue" name="acti" time="29.132"/>
  <system-out/>
  <testcase classname="Assertion.AssertTrue" name="facebook" time="0.000"/>
  <system-out/>
</testsuite> <!-- Assertion.AssertTrue -->
