<?xml version="1.0" encoding="UTF-8"?>
<!-- Generated by org.testng.reporters.JUnitReportReporter -->
<testsuite hostname="DESKTOP-OTUACR1" failures="0" tests="2" name="Assertion.SoftAssertEquals1" time="10.844" errors="0" timestamp="2023-07-19T23:01:49 IST" skipped="0">
  <testcase classname="Assertion.SoftAssertEquals1" name="acti" time="10.844"/>
  <system-out/>
  <testcase classname="Assertion.SoftAssertEquals1" name="facebook" time="0.000"/>
  <system-out/>
</testsuite> <!-- Assertion.SoftAssertEquals1 -->
