<?xml version="1.0" encoding="UTF-8"?>
<!-- Generated by org.testng.reporters.JUnitReportReporter -->
<testsuite hostname="DESKTOP-OTUACR1" failures="0" tests="5" name="GroupExecution.ParallelExecution" time="25.540" errors="0" timestamp="2023-07-19T18:28:37 IST" skipped="0">
  <testcase classname="GroupExecution.ParallelExecution" name="zomato" time="4.500"/>
  <system-out/>
  <testcase classname="GroupExecution.ParallelExecution" name="swiggy" time="4.443"/>
  <system-out/>
  <testcase classname="GroupExecution.ParallelExecution" name="facebbok" time="4.065"/>
  <system-out/>
  <testcase classname="GroupExecution.ParallelExecution" name="acti" time="9.093"/>
  <system-out/>
  <testcase classname="GroupExecution.ParallelExecution" name="insta" time="3.439"/>
  <system-out/>
</testsuite> <!-- GroupExecution.ParallelExecution -->
