<?xml version="1.0" encoding="UTF-8"?>
<!-- Generated by org.testng.reporters.JUnitReportReporter -->
<testsuite hostname="DESKTOP-OTUACR1" failures="0" tests="1" name="BatchExecution.BatchExecution1" time="5.609" errors="0" timestamp="2023-07-20T10:29:08 IST" skipped="0">
  <testcase classname="BatchExecution.BatchExecution1" name="acti" time="5.609"/>
  <system-out/>
</testsuite> <!-- BatchExecution.BatchExecution1 -->
