<?xml version="1.0" encoding="UTF-8"?>
<!-- Generated by org.testng.reporters.JUnitReportReporter -->
<testsuite hostname="DESKTOP-OTUACR1" failures="0" tests="3" name="BatchExecution_And_Before_And_After_Suite.BatchExecution1" time="33.121" errors="0" timestamp="2023-07-20T10:51:00 IST" skipped="0">
  <testcase classname="BatchExecution_And_Before_And_After_Suite.BatchExecution1" name="csk" time="18.410"/>
  <system-out/>
  <testcase classname="BatchExecution_And_Before_And_After_Suite.BatchExecution1" name="acti" time="6.353"/>
  <system-out/>
  <testcase classname="BatchExecution_And_Before_And_After_Suite.BatchExecution1" name="mi" time="8.358"/>
  <system-out/>
</testsuite> <!-- BatchExecution_And_Before_And_After_Suite.BatchExecution1 -->
