<?xml version="1.0" encoding="UTF-8"?>
<!-- Generated by org.testng.reporters.JUnitReportReporter -->
<testsuite hostname="DESKTOP-OTUACR1" failures="0" tests="3" name="Basic.DependsOnMethod_Test" time="0.012" errors="0" timestamp="2023-07-19T17:20:39 IST" skipped="0">
  <testcase classname="Basic.DependsOnMethod_Test" name="createaccount" time="0.010"/>
  <system-out/>
  <testcase classname="Basic.DependsOnMethod_Test" name="editaccount" time="0.001"/>
  <system-out/>
  <testcase classname="Basic.DependsOnMethod_Test" name="deleteaccount" time="0.001"/>
  <system-out/>
</testsuite> <!-- Basic.DependsOnMethod_Test -->
