<?xml version="1.0" encoding="UTF-8"?>
<!-- Generated by org.testng.reporters.JUnitReportReporter -->
<testsuite hostname="DESKTOP-OTUACR1" failures="0" tests="2" name="BatchExecution_And_Before_And_After_Suite.BatchExecuion2" time="8.553" errors="0" timestamp="2023-07-20T10:51:00 IST" skipped="0">
  <testcase classname="BatchExecution_And_Before_And_After_Suite.BatchExecuion2" name="insta" time="2.095"/>
  <system-out/>
  <testcase classname="BatchExecution_And_Before_And_After_Suite.BatchExecuion2" name="zomato" time="6.458"/>
  <system-out/>
</testsuite> <!-- BatchExecution_And_Before_And_After_Suite.BatchExecuion2 -->
