<?xml version="1.0" encoding="UTF-8"?>
<!-- Generated by org.testng.reporters.JUnitReportReporter -->
<testsuite hostname="DESKTOP-OTUACR1" failures="0" tests="3" name="Basic.BeforeClassAferClass" time="0.009" errors="0" timestamp="2023-07-19T17:00:34 IST" skipped="0">
  <testcase classname="Basic.BeforeClassAferClass" name="acti" time="0.001"/>
  <system-out/>
  <testcase classname="Basic.BeforeClassAferClass" name="facebok" time="0.001"/>
  <system-out/>
  <testcase classname="Basic.BeforeClassAferClass" name="Instagram" time="0.007"/>
  <system-out/>
</testsuite> <!-- Basic.BeforeClassAferClass -->
