<?xml version="1.0" encoding="UTF-8"?>
<!-- Generated by org.testng.reporters.JUnitReportReporter -->
<testsuite hostname="DESKTOP-OTUACR1" failures="0" tests="1" name="BatchExecution.NewTest" time="0.010" errors="0" timestamp="2023-07-19T17:51:10 IST" skipped="0">
  <testcase classname="BatchExecution.NewTest" name="f" time="0.010"/>
  <system-out/>
</testsuite> <!-- BatchExecution.NewTest -->
