<?xml version="1.0" encoding="UTF-8"?>
<!-- Generated by org.testng.reporters.JUnitReportReporter -->
<testsuite hostname="DESKTOP-OTUACR1" failures="0" tests="1" name="GroupExecution.CrossBrowser" time="7.171" errors="0" timestamp="2023-07-19T19:51:34 IST" skipped="0">
  <testcase classname="GroupExecution.CrossBrowser" name="acti" time="7.171"/>
  <system-out/>
</testsuite> <!-- GroupExecution.CrossBrowser -->
