<?xml version="1.0" encoding="UTF-8"?>
<!-- Generated by org.testng.reporters.JUnitReportReporter -->
<testsuite hostname="DESKTOP-OTUACR1" failures="0" tests="3" name="AssertionMethod.Test1" time="0.021" errors="0" timestamp="2023-06-07T09:41:18 IST" skipped="0">
  <testcase classname="AssertionMethod.Test1" name="facebok" time="0.005"/>
  <system-out/>
  <testcase classname="AssertionMethod.Test1" name="Instagram" time="0.009"/>
  <system-out/>
  <testcase classname="AssertionMethod.Test1" name="acti" time="0.007"/>
  <system-out/>
</testsuite> <!-- AssertionMethod.Test1 -->
