<?xml version="1.0" encoding="UTF-8"?>
<!-- Generated by org.testng.reporters.JUnitReportReporter -->
<testsuite hostname="DESKTOP-OTUACR1" failures="0" tests="3" name="Basic.test2" time="79.576" errors="0" timestamp="2023-06-05T11:04:01 IST" skipped="0">
  <testcase classname="Basic.test2" name="swiggy" time="30.593"/>
  <system-out/>
  <testcase classname="Basic.test2" name="acti" time="28.685"/>
  <system-out/>
  <testcase classname="Basic.test2" name="facebbok" time="20.298"/>
  <system-out/>
</testsuite> <!-- Basic.test2 -->
