<?xml version="1.0" encoding="UTF-8"?>
<!-- Generated by org.testng.reporters.JUnitReportReporter -->
<testsuite hostname="DESKTOP-OTUACR1" failures="0" tests="3" name="AssertionMethod.BeforeClassAferClass" time="0.013" errors="0" timestamp="2023-06-07T09:45:47 IST" skipped="0">
  <testcase classname="AssertionMethod.BeforeClassAferClass" name="acti" time="0.002"/>
  <system-out/>
  <testcase classname="AssertionMethod.BeforeClassAferClass" name="facebok" time="0.002"/>
  <system-out/>
  <testcase classname="AssertionMethod.BeforeClassAferClass" name="Instagram" time="0.009"/>
  <system-out/>
</testsuite> <!-- AssertionMethod.BeforeClassAferClass -->
