<?xml version="1.0" encoding="UTF-8"?>
<!-- Generated by org.testng.reporters.JUnitReportReporter -->
<testsuite hostname="DESKTOP-OTUACR1" failures="0" tests="2" name="BatchExecution.BatchExecuion2" time="6.939" errors="0" timestamp="2023-07-20T10:29:08 IST" skipped="0">
  <testcase classname="BatchExecution.BatchExecuion2" name="insta" time="3.232"/>
  <system-out/>
  <testcase classname="BatchExecution.BatchExecuion2" name="zomato" time="3.707"/>
  <system-out/>
</testsuite> <!-- BatchExecution.BatchExecuion2 -->
